2025-08-12 08:44:22.529 [HikariPool-1 housekeeper] WARN  com.zaxxer.hikari.pool.HikariPool - HikariPool-1 - Thread starvation or clock leap detected (housekeeper delta=12h23m58s437ms135µs600ns).
2025-08-12 09:00:23.655 [SpringApplicationShutdownHook] INFO  com.zaxxer.hikari.HikariDataSource - HikariPool-1 - Shutdown initiated...
2025-08-12 09:00:23.660 [SpringApplicationShutdownHook] INFO  com.zaxxer.hikari.HikariDataSource - HikariPool-1 - Shutdown completed.
2025-08-12 17:41:08.528 [main] INFO  c.zcf.TiliasWebManagementApplication - Starting TiliasWebManagementApplication using Java 17.0.15 with PID 16128 (C:\Users\zhengchuanfang\IdeaProjects\web-ai-project\tilias-web-management\target\classes started by zhengchuanfang in C:\Users\zhengchuanfang\IdeaProjects\web-ai-project)
2025-08-12 17:41:08.530 [main] INFO  c.zcf.TiliasWebManagementApplication - No active profile set, falling back to 1 default profile: "default"
2025-08-12 17:41:09.313 [main] INFO  o.s.b.w.e.tomcat.TomcatWebServer - Tomcat initialized with port(s): 8080 (http)
2025-08-12 17:41:09.323 [main] INFO  o.a.coyote.http11.Http11NioProtocol - Initializing ProtocolHandler ["http-nio-8080"]
2025-08-12 17:41:09.323 [main] INFO  o.a.catalina.core.StandardService - Starting service [Tomcat]
2025-08-12 17:41:09.324 [main] INFO  o.a.catalina.core.StandardEngine - Starting Servlet engine: [Apache Tomcat/10.1.5]
2025-08-12 17:41:09.393 [main] INFO  o.a.c.c.C.[Tomcat].[localhost].[/] - Initializing Spring embedded WebApplicationContext
2025-08-12 17:41:09.394 [main] INFO  o.s.b.w.s.c.ServletWebServerApplicationContext - Root WebApplicationContext: initialization completed in 831 ms
2025-08-12 17:41:09.732 [main] INFO  o.s.b.a.w.s.WelcomePageHandlerMapping - Adding welcome page: class path resource [static/index.html]
2025-08-12 17:41:09.846 [main] INFO  o.a.coyote.http11.Http11NioProtocol - Starting ProtocolHandler ["http-nio-8080"]
2025-08-12 17:41:09.860 [main] INFO  o.s.b.w.e.tomcat.TomcatWebServer - Tomcat started on port(s): 8080 (http) with context path ''
2025-08-12 17:41:09.867 [main] INFO  c.zcf.TiliasWebManagementApplication - Started TiliasWebManagementApplication in 1.686 seconds (process running for 2.544)
2025-08-12 17:43:51.803 [http-nio-8080-exec-3] INFO  o.a.c.c.C.[Tomcat].[localhost].[/] - Initializing Spring DispatcherServlet 'dispatcherServlet'
2025-08-12 17:43:51.803 [http-nio-8080-exec-3] INFO  o.s.web.servlet.DispatcherServlet - Initializing Servlet 'dispatcherServlet'
2025-08-12 17:43:51.804 [http-nio-8080-exec-3] INFO  o.s.web.servlet.DispatcherServlet - Completed initialization in 1 ms
2025-08-12 17:43:51.857 [http-nio-8080-exec-3] INFO  com.zcf.controller.EmpController - 员工信息：EmpQueryParam(page=1, pageSize=5, name=阮, gender=1, begin=2010-01-01, end=2020-01-01)
2025-08-12 17:43:51.888 [http-nio-8080-exec-3] INFO  com.zaxxer.hikari.HikariDataSource - HikariPool-1 - Starting...
2025-08-12 17:43:52.217 [http-nio-8080-exec-3] INFO  com.zaxxer.hikari.pool.HikariPool - HikariPool-1 - Added connection com.mysql.cj.jdbc.ConnectionImpl@3ccb91f6
2025-08-12 17:43:52.218 [http-nio-8080-exec-3] INFO  com.zaxxer.hikari.HikariDataSource - HikariPool-1 - Start completed.
2025-08-12 17:56:37.702 [SpringApplicationShutdownHook] INFO  com.zaxxer.hikari.HikariDataSource - HikariPool-1 - Shutdown initiated...
2025-08-12 17:56:37.708 [SpringApplicationShutdownHook] INFO  com.zaxxer.hikari.HikariDataSource - HikariPool-1 - Shutdown completed.
2025-08-12 17:56:40.974 [main] INFO  c.zcf.TiliasWebManagementApplication - Starting TiliasWebManagementApplication using Java 17.0.15 with PID 9104 (C:\Users\zhengchuanfang\IdeaProjects\web-ai-project\tilias-web-management\target\classes started by zhengchuanfang in C:\Users\zhengchuanfang\IdeaProjects\web-ai-project)
2025-08-12 17:56:40.975 [main] INFO  c.zcf.TiliasWebManagementApplication - No active profile set, falling back to 1 default profile: "default"
2025-08-12 17:56:41.726 [main] INFO  o.s.b.w.e.tomcat.TomcatWebServer - Tomcat initialized with port(s): 8080 (http)
2025-08-12 17:56:41.735 [main] INFO  o.a.coyote.http11.Http11NioProtocol - Initializing ProtocolHandler ["http-nio-8080"]
2025-08-12 17:56:41.736 [main] INFO  o.a.catalina.core.StandardService - Starting service [Tomcat]
2025-08-12 17:56:41.736 [main] INFO  o.a.catalina.core.StandardEngine - Starting Servlet engine: [Apache Tomcat/10.1.5]
2025-08-12 17:56:41.804 [main] INFO  o.a.c.c.C.[Tomcat].[localhost].[/] - Initializing Spring embedded WebApplicationContext
2025-08-12 17:56:41.805 [main] INFO  o.s.b.w.s.c.ServletWebServerApplicationContext - Root WebApplicationContext: initialization completed in 792 ms
2025-08-12 17:56:42.128 [main] INFO  o.s.b.a.w.s.WelcomePageHandlerMapping - Adding welcome page: class path resource [static/index.html]
2025-08-12 17:56:42.258 [main] INFO  o.a.coyote.http11.Http11NioProtocol - Starting ProtocolHandler ["http-nio-8080"]
2025-08-12 17:56:42.272 [main] INFO  o.s.b.w.e.tomcat.TomcatWebServer - Tomcat started on port(s): 8080 (http) with context path ''
2025-08-12 17:56:42.279 [main] INFO  c.zcf.TiliasWebManagementApplication - Started TiliasWebManagementApplication in 1.65 seconds (process running for 2.327)
2025-08-12 17:56:48.992 [http-nio-8080-exec-2] INFO  o.a.c.c.C.[Tomcat].[localhost].[/] - Initializing Spring DispatcherServlet 'dispatcherServlet'
2025-08-12 17:56:48.992 [http-nio-8080-exec-2] INFO  o.s.web.servlet.DispatcherServlet - Initializing Servlet 'dispatcherServlet'
2025-08-12 17:56:48.993 [http-nio-8080-exec-2] INFO  o.s.web.servlet.DispatcherServlet - Completed initialization in 1 ms
2025-08-12 17:56:49.022 [http-nio-8080-exec-2] INFO  com.zcf.controller.EmpController - 员工信息：EmpQueryParam(page=1, pageSize=5, name=阮, gender=1, begin=2010-01-01, end=2020-01-01)
2025-08-12 17:56:49.069 [http-nio-8080-exec-2] INFO  com.zaxxer.hikari.HikariDataSource - HikariPool-1 - Starting...
2025-08-12 17:56:49.307 [http-nio-8080-exec-2] INFO  com.zaxxer.hikari.pool.HikariPool - HikariPool-1 - Added connection com.mysql.cj.jdbc.ConnectionImpl@60aef86
2025-08-12 17:56:49.308 [http-nio-8080-exec-2] INFO  com.zaxxer.hikari.HikariDataSource - HikariPool-1 - Start completed.
2025-08-12 17:57:09.640 [http-nio-8080-exec-4] INFO  com.zcf.controller.EmpController - 员工信息：EmpQueryParam(page=1, pageSize=5, name=阮, gender=1, begin=null, end=null)
2025-08-12 17:57:26.711 [http-nio-8080-exec-3] INFO  com.zcf.controller.EmpController - 员工信息：EmpQueryParam(page=1, pageSize=5, name=阮, gender=null, begin=null, end=null)
2025-08-12 17:57:47.959 [SpringApplicationShutdownHook] INFO  com.zaxxer.hikari.HikariDataSource - HikariPool-1 - Shutdown initiated...
2025-08-12 17:57:47.965 [SpringApplicationShutdownHook] INFO  com.zaxxer.hikari.HikariDataSource - HikariPool-1 - Shutdown completed.
2025-08-12 18:01:06.726 [main] INFO  c.zcf.TiliasWebManagementApplication - Starting TiliasWebManagementApplication using Java 17.0.15 with PID 20288 (C:\Users\zhengchuanfang\IdeaProjects\web-ai-project\tilias-web-management\target\classes started by zhengchuanfang in C:\Users\zhengchuanfang\IdeaProjects\web-ai-project)
2025-08-12 18:01:06.728 [main] INFO  c.zcf.TiliasWebManagementApplication - No active profile set, falling back to 1 default profile: "default"
2025-08-12 18:01:07.386 [main] INFO  o.s.b.w.e.tomcat.TomcatWebServer - Tomcat initialized with port(s): 8080 (http)
2025-08-12 18:01:07.393 [main] INFO  o.a.coyote.http11.Http11NioProtocol - Initializing ProtocolHandler ["http-nio-8080"]
2025-08-12 18:01:07.394 [main] INFO  o.a.catalina.core.StandardService - Starting service [Tomcat]
2025-08-12 18:01:07.394 [main] INFO  o.a.catalina.core.StandardEngine - Starting Servlet engine: [Apache Tomcat/10.1.5]
2025-08-12 18:01:07.464 [main] INFO  o.a.c.c.C.[Tomcat].[localhost].[/] - Initializing Spring embedded WebApplicationContext
2025-08-12 18:01:07.464 [main] INFO  o.s.b.w.s.c.ServletWebServerApplicationContext - Root WebApplicationContext: initialization completed in 706 ms
2025-08-12 18:01:07.753 [main] INFO  o.s.b.a.w.s.WelcomePageHandlerMapping - Adding welcome page: class path resource [static/index.html]
2025-08-12 18:01:07.863 [main] INFO  o.a.coyote.http11.Http11NioProtocol - Starting ProtocolHandler ["http-nio-8080"]
2025-08-12 18:01:07.882 [main] INFO  o.s.b.w.e.tomcat.TomcatWebServer - Tomcat started on port(s): 8080 (http) with context path ''
2025-08-12 18:01:07.890 [main] INFO  c.zcf.TiliasWebManagementApplication - Started TiliasWebManagementApplication in 1.496 seconds (process running for 2.141)
2025-08-12 18:01:15.484 [http-nio-8080-exec-2] INFO  o.a.c.c.C.[Tomcat].[localhost].[/] - Initializing Spring DispatcherServlet 'dispatcherServlet'
2025-08-12 18:01:15.485 [http-nio-8080-exec-2] INFO  o.s.web.servlet.DispatcherServlet - Initializing Servlet 'dispatcherServlet'
2025-08-12 18:01:15.485 [http-nio-8080-exec-2] INFO  o.s.web.servlet.DispatcherServlet - Completed initialization in 0 ms
2025-08-12 18:01:15.512 [http-nio-8080-exec-2] INFO  com.zcf.controller.EmpController - 员工信息：EmpQueryParam(page=1, pageSize=5, name=阮, gender=1, begin=2010-01-01, end=2020-01-01)
2025-08-12 18:01:15.560 [http-nio-8080-exec-2] INFO  com.zaxxer.hikari.HikariDataSource - HikariPool-1 - Starting...
2025-08-12 18:01:15.772 [http-nio-8080-exec-2] INFO  com.zaxxer.hikari.pool.HikariPool - HikariPool-1 - Added connection com.mysql.cj.jdbc.ConnectionImpl@4e39756
2025-08-12 18:01:15.773 [http-nio-8080-exec-2] INFO  com.zaxxer.hikari.HikariDataSource - HikariPool-1 - Start completed.
2025-08-12 20:37:00.812 [HikariPool-1 housekeeper] WARN  com.zaxxer.hikari.pool.HikariPool - HikariPool-1 - Thread starvation or clock leap detected (housekeeper delta=2h28m44s790ms588µs900ns).
2025-08-12 23:46:06.093 [HikariPool-1 housekeeper] WARN  com.zaxxer.hikari.pool.HikariPool - HikariPool-1 - Thread starvation or clock leap detected (housekeeper delta=17m30s831ms186µs100ns).
